<?xml version="1.0" encoding="UTF-8"?>
<!-- Generated by org.testng.reporters.JUnitReportReporter -->
<testsuite skipped="0" hostname="abokhlaifa" name="com.almatar.FBOapi.tests.TC01_addEmployee" tests="9" failures="0" timestamp="28 Aug 2019 16:42:18 GMT" time="5.232" errors="0">
  <testcase name="addEmployeeRecord" time="1.165" classname="com.almatar.FBOapi.tests.TC01_addEmployee"/>
  <testcase name="addEmployeeRecord" time="0.519" classname="com.almatar.FBOapi.tests.TC01_addEmployee"/>
  <testcase name="addEmployeeRecord" time="0.541" classname="com.almatar.FBOapi.tests.TC01_addEmployee"/>
  <testcase name="addEmployeeRecord" time="0.511" classname="com.almatar.FBOapi.tests.TC01_addEmployee"/>
  <testcase name="addEmployeeRecord" time="0.508" classname="com.almatar.FBOapi.tests.TC01_addEmployee"/>
  <testcase name="addEmployeeRecord" time="0.500" classname="com.almatar.FBOapi.tests.TC01_addEmployee"/>
  <testcase name="addEmployeeRecord" time="0.478" classname="com.almatar.FBOapi.tests.TC01_addEmployee"/>
  <testcase name="addEmployeeRecord" time="0.541" classname="com.almatar.FBOapi.tests.TC01_addEmployee"/>
  <testcase name="addEmployeeRecord" time="0.469" classname="com.almatar.FBOapi.tests.TC01_addEmployee"/>
</testsuite> <!-- com.almatar.FBOapi.tests.TC01_addEmployee -->
