<?xml version="1.0" encoding="UTF-8"?>
<!-- Generated by org.testng.reporters.JUnitReportReporter -->
<testsuite skipped="0" hostname="abokhlaifa" name="com.almatar.FBOapi.tests.authentication" tests="1" failures="0" timestamp="24 Aug 2019 17:44:14 GMT" time="2.596" errors="0">
  <testcase name="authenticate" time="2.596" classname="com.almatar.FBOapi.tests.authentication"/>
</testsuite> <!-- com.almatar.FBOapi.tests.authentication -->
