<?xml version="1.0" encoding="UTF-8"?>
<!-- Generated by org.testng.reporters.JUnitReportReporter -->
<testsuite skipped="0" hostname="abokhlaifa" name="com.almatar.FBOapi.tests.addEmployee" tests="9" failures="0" timestamp="2019-08-23T14:37:54 EET" time="5.362" errors="0">
  <testcase name="addEmployeeRecord" time="0.508" classname="com.almatar.FBOapi.tests.addEmployee"/>
  <testcase name="addEmployeeRecord" time="1.306" classname="com.almatar.FBOapi.tests.addEmployee"/>
  <testcase name="addEmployeeRecord" time="0.440" classname="com.almatar.FBOapi.tests.addEmployee"/>
  <testcase name="addEmployeeRecord" time="0.585" classname="com.almatar.FBOapi.tests.addEmployee"/>
  <testcase name="addEmployeeRecord" time="0.508" classname="com.almatar.FBOapi.tests.addEmployee"/>
  <testcase name="addEmployeeRecord" time="0.505" classname="com.almatar.FBOapi.tests.addEmployee"/>
  <testcase name="addEmployeeRecord" time="0.511" classname="com.almatar.FBOapi.tests.addEmployee"/>
  <testcase name="addEmployeeRecord" time="0.491" classname="com.almatar.FBOapi.tests.addEmployee"/>
  <testcase name="addEmployeeRecord" time="0.508" classname="com.almatar.FBOapi.tests.addEmployee"/>
</testsuite> <!-- com.almatar.FBOapi.tests.addEmployee -->
