<?xml version="1.0" encoding="UTF-8"?>
<!-- Generated by org.testng.reporters.JUnitReportReporter -->
<testsuite skipped="0" hostname="abokhlaifa" name="com.almatar.FBOapi.tests.TC00_GetAllEmployees" tests="1" failures="0" timestamp="28 Aug 2019 16:42:18 GMT" time="0.817" errors="0">
  <testcase name="checkResponseBody" time="0.817" classname="com.almatar.FBOapi.tests.TC00_GetAllEmployees"/>
</testsuite> <!-- com.almatar.FBOapi.tests.TC00_GetAllEmployees -->
